TN:
SF:lib/account.js
FN:6,(anonymous_0)
FN:12,(anonymous_1)
FN:16,(anonymous_2)
FN:24,(anonymous_3)
FN:32,(anonymous_4)
FNF:5
FNH:5
FNDA:4,(anonymous_0)
FNDA:1,(anonymous_1)
FNDA:3,(anonymous_2)
FNDA:2,(anonymous_3)
FNDA:1,(anonymous_4)
DA:1,1
DA:2,1
DA:3,1
DA:7,4
DA:8,4
DA:9,4
DA:13,1
DA:17,3
DA:18,3
DA:20,3
DA:21,3
DA:25,2
DA:26,2
DA:28,2
DA:29,2
DA:33,1
DA:34,1
DA:38,1
LF:18
LH:18
BRF:0
BRH:0
end_of_record
TN:
SF:lib/deposit.js
FN:2,(anonymous_0)
FN:9,(anonymous_1)
FNF:2
FNH:2
FNDA:7,(anonymous_0)
FNDA:7,(anonymous_1)
DA:3,7
DA:4,7
DA:5,7
DA:6,7
DA:10,7
DA:14,2
LF:6
LH:6
BRF:0
BRH:0
end_of_record
TN:
SF:lib/statement.js
FN:2,(anonymous_0)
FN:6,(anonymous_1)
FN:9,(anonymous_2)
FNF:3
FNH:3
FNDA:4,(anonymous_0)
FNDA:4,(anonymous_1)
FNDA:5,(anonymous_2)
DA:3,4
DA:7,4
DA:9,4
DA:10,5
DA:11,2
DA:13,3
DA:17,4
DA:21,2
LF:8
LH:8
BRDA:10,0,0,2
BRDA:10,0,1,3
BRF:2
BRH:2
end_of_record
TN:
SF:lib/withdraw.js
FN:2,(anonymous_0)
FN:9,(anonymous_1)
FNF:2
FNH:2
FNDA:7,(anonymous_0)
FNDA:7,(anonymous_1)
DA:3,7
DA:4,7
DA:5,7
DA:6,7
DA:10,7
DA:11,2
DA:13,5
DA:18,2
LF:8
LH:8
BRDA:10,0,0,2
BRDA:10,0,1,5
BRF:2
BRH:2
end_of_record
